# JRE version: OpenJDK Runtime Environment (21.0.5) (build 21.0.5+-13047016-b750.29)
# Java VM: OpenJDK 64-Bit Server VM (21.0.5+-13047016-b750.29, mixed mode, tiered, compressed oops, compressed class ptrs, g1 gc, windows-amd64)
GC Precious Log:
 CardTable entry size: 512
 Card Set container configuration: InlinePtr #cards 5 size 8 Array Of Cards #cards 12 size 40 Howl #buckets 4 coarsen threshold 1843 Howl Bitmap #cards 512 size 80 coarsen threshold 460 Card regions per heap region 1 cards per card region 2048
 CPUs: 8 total, 8 available
 Memory: 8044M
 Large Page Support: Disabled
 NUMA Support: Disabled
 Compressed Oops: Enabled (32-bit)
 Heap Region Size: 1M
 Heap Min Capacity: 8M
 Heap Initial Capacity: 126M
 Heap Max Capacity: 2G
 Pre-touch: Disabled
 Parallel Workers: 8
 Concurrent Workers: 2
 Concurrent Refinement Workers: 8
 Periodic GC: Disabled
Heap:
 garbage-first heap   total 123904K, used 107185K [0x0000000080000000, 0x0000000100000000)
  region size 1024K, 31 young (31744K), 4 survivors (4096K)
 Metaspace       used 81141K, committed 83008K, reserved 1179648K
  class space    used 10862K, committed 11776K, reserved 1048576K
GC Heap History (20 events):
Event: 5.511 GC heap before
{Heap before GC invocations=11 (full 0):
 garbage-first heap   total 92160K, used 81627K [0x0000000080000000, 0x0000000100000000)
  region size 1024K, 50 young (51200K), 3 survivors (3072K)
 Metaspace       used 53456K, committed 54976K, reserved 1114112K
  class space    used 7183K, committed 7936K, reserved 1048576K
}
Event: 5.516 GC heap after
{Heap after GC invocations=12 (full 0):
 garbage-first heap   total 110592K, used 35376K [0x0000000080000000, 0x0000000100000000)
  region size 1024K, 6 young (6144K), 6 survivors (6144K)
 Metaspace       used 53456K, committed 54976K, reserved 1114112K
  class space    used 7183K, committed 7936K, reserved 1048576K
}
Event: 6.045 GC heap before
{Heap before GC invocations=12 (full 0):
 garbage-first heap   total 110592K, used 76336K [0x0000000080000000, 0x0000000100000000)
  region size 1024K, 47 young (48128K), 6 survivors (6144K)
 Metaspace       used 59627K, committed 61056K, reserved 1114112K
  class space    used 8059K, committed 8768K, reserved 1048576K
}
Event: 6.049 GC heap after
{Heap after GC invocations=13 (full 0):
 garbage-first heap   total 110592K, used 37242K [0x0000000080000000, 0x0000000100000000)
  region size 1024K, 6 young (6144K), 6 survivors (6144K)
 Metaspace       used 59627K, committed 61056K, reserved 1114112K
  class space    used 8059K, committed 8768K, reserved 1048576K
}
Event: 71.406 GC heap before
{Heap before GC invocations=14 (full 0):
 garbage-first heap   total 110592K, used 95610K [0x0000000080000000, 0x0000000100000000)
  region size 1024K, 64 young (65536K), 6 survivors (6144K)
 Metaspace       used 63842K, committed 65408K, reserved 1114112K
  class space    used 8738K, committed 9536K, reserved 1048576K
}
Event: 71.415 GC heap after
{Heap after GC invocations=15 (full 0):
 garbage-first heap   total 110592K, used 40916K [0x0000000080000000, 0x0000000100000000)
  region size 1024K, 6 young (6144K), 6 survivors (6144K)
 Metaspace       used 63842K, committed 65408K, reserved 1114112K
  class space    used 8738K, committed 9536K, reserved 1048576K
}
Event: 72.315 GC heap before
{Heap before GC invocations=15 (full 0):
 garbage-first heap   total 110592K, used 96212K [0x0000000080000000, 0x0000000100000000)
  region size 1024K, 61 young (62464K), 6 survivors (6144K)
 Metaspace       used 67088K, committed 68736K, reserved 1114112K
  class space    used 9169K, committed 9984K, reserved 1048576K
}
Event: 72.324 GC heap after
{Heap after GC invocations=16 (full 0):
 garbage-first heap   total 110592K, used 46385K [0x0000000080000000, 0x0000000100000000)
  region size 1024K, 8 young (8192K), 8 survivors (8192K)
 Metaspace       used 67088K, committed 68736K, reserved 1114112K
  class space    used 9169K, committed 9984K, reserved 1048576K
}
Event: 72.667 GC heap before
{Heap before GC invocations=16 (full 0):
 garbage-first heap   total 110592K, used 94513K [0x0000000080000000, 0x0000000100000000)
  region size 1024K, 56 young (57344K), 8 survivors (8192K)
 Metaspace       used 67608K, committed 69248K, reserved 1114112K
  class space    used 9197K, committed 9984K, reserved 1048576K
}
Event: 72.675 GC heap after
{Heap after GC invocations=17 (full 0):
 garbage-first heap   total 110592K, used 49798K [0x0000000080000000, 0x0000000100000000)
  region size 1024K, 4 young (4096K), 4 survivors (4096K)
 Metaspace       used 67608K, committed 69248K, reserved 1114112K
  class space    used 9197K, committed 9984K, reserved 1048576K
}
Event: 72.942 GC heap before
{Heap before GC invocations=17 (full 0):
 garbage-first heap   total 110592K, used 96902K [0x0000000080000000, 0x0000000100000000)
  region size 1024K, 51 young (52224K), 4 survivors (4096K)
 Metaspace       used 67726K, committed 69312K, reserved 1114112K
  class space    used 9197K, committed 9984K, reserved 1048576K
}
Event: 72.946 GC heap after
{Heap after GC invocations=18 (full 0):
 garbage-first heap   total 110592K, used 50554K [0x0000000080000000, 0x0000000100000000)
  region size 1024K, 5 young (5120K), 5 survivors (5120K)
 Metaspace       used 67726K, committed 69312K, reserved 1114112K
  class space    used 9197K, committed 9984K, reserved 1048576K
}
Event: 73.301 GC heap before
{Heap before GC invocations=19 (full 0):
 garbage-first heap   total 110592K, used 97658K [0x0000000080000000, 0x0000000100000000)
  region size 1024K, 52 young (53248K), 5 survivors (5120K)
 Metaspace       used 67923K, committed 69568K, reserved 1114112K
  class space    used 9232K, committed 10048K, reserved 1048576K
}
Event: 73.306 GC heap after
{Heap after GC invocations=20 (full 0):
 garbage-first heap   total 110592K, used 52016K [0x0000000080000000, 0x0000000100000000)
  region size 1024K, 5 young (5120K), 5 survivors (5120K)
 Metaspace       used 67923K, committed 69568K, reserved 1114112K
  class space    used 9232K, committed 10048K, reserved 1048576K
}
Event: 73.954 GC heap before
{Heap before GC invocations=20 (full 0):
 garbage-first heap   total 110592K, used 109360K [0x0000000080000000, 0x0000000100000000)
  region size 1024K, 48 young (49152K), 5 survivors (5120K)
 Metaspace       used 70832K, committed 72512K, reserved 1114112K
  class space    used 9616K, committed 10432K, reserved 1048576K
}
Event: 73.960 GC heap after
{Heap after GC invocations=21 (full 0):
 garbage-first heap   total 123904K, used 71593K [0x0000000080000000, 0x0000000100000000)
  region size 1024K, 7 young (7168K), 7 survivors (7168K)
 Metaspace       used 70832K, committed 72512K, reserved 1114112K
  class space    used 9616K, committed 10432K, reserved 1048576K
}
Event: 74.479 GC heap before
{Heap before GC invocations=21 (full 0):
 garbage-first heap   total 123904K, used 108457K [0x0000000080000000, 0x0000000100000000)
  region size 1024K, 44 young (45056K), 7 survivors (7168K)
 Metaspace       used 74945K, committed 76736K, reserved 1179648K
  class space    used 10043K, committed 10944K, reserved 1048576K
}
Event: 74.484 GC heap after
{Heap after GC invocations=22 (full 0):
 garbage-first heap   total 123904K, used 73186K [0x0000000080000000, 0x0000000100000000)
  region size 1024K, 2 young (2048K), 2 survivors (2048K)
 Metaspace       used 74945K, committed 76736K, reserved 1179648K
  class space    used 10043K, committed 10944K, reserved 1048576K
}
Event: 74.895 GC heap before
{Heap before GC invocations=23 (full 0):
 garbage-first heap   total 123904K, used 112098K [0x0000000080000000, 0x0000000100000000)
  region size 1024K, 40 young (40960K), 2 survivors (2048K)
 Metaspace       used 79063K, committed 80960K, reserved 1179648K
  class space    used 10614K, committed 11584K, reserved 1048576K
}
Event: 74.899 GC heap after
{Heap after GC invocations=24 (full 0):
 garbage-first heap   total 123904K, used 75441K [0x0000000080000000, 0x0000000100000000)
  region size 1024K, 4 young (4096K), 4 survivors (4096K)
 Metaspace       used 79063K, committed 80960K, reserved 1179648K
  class space    used 10614K, committed 11584K, reserved 1048576K
}

